Started GET "/" for 127.0.0.1 at 2018-03-31 15:29:18 +0800
Processing by Rails::WelcomeController#index as HTML
  Rendering /Users/jackjou/.rvm/gems/ruby-2.4.1/gems/railties-5.1.6/lib/rails/templates/rails/welcome/index.html.erb
  Rendered /Users/jackjou/.rvm/gems/ruby-2.4.1/gems/railties-5.1.6/lib/rails/templates/rails/welcome/index.html.erb (2.6ms)
Completed 200 OK in 138ms (Views: 8.9ms)


Started GET "/" for 127.0.0.1 at 2018-03-31 16:16:15 +0800
Processing by PagesController#index as HTML
  Rendering pages/index.html.erb within layouts/application
  Rendered pages/index.html.erb within layouts/application (0.9ms)
Completed 500 Internal Server Error in 3244ms


  
ActionView::Template::Error (couldn't find file 'jquery' with type 'application/javascript'
Checked in these paths: 
  /Users/jackjou/Chatter/app/assets/config
  /Users/jackjou/Chatter/app/assets/images
  /Users/jackjou/Chatter/app/assets/javascripts
  /Users/jackjou/Chatter/app/assets/stylesheets
  /Users/jackjou/.rvm/gems/ruby-2.4.1/gems/coffee-rails-4.2.2/lib/assets/javascripts
  /Users/jackjou/.rvm/gems/ruby-2.4.1/gems/actioncable-5.1.6/lib/assets/compiled
  /Users/jackjou/.rvm/gems/ruby-2.4.1/gems/actionview-5.1.6/lib/assets/compiled
  /Users/jackjou/.rvm/gems/ruby-2.4.1/gems/turbolinks-source-5.1.0/lib/assets/javascripts
  /Users/jackjou/Chatter/node_modules
  /Users/jackjou/.rvm/gems/ruby-2.4.1/gems/bootstrap-sass-3.3.7/assets/stylesheets
  /Users/jackjou/.rvm/gems/ruby-2.4.1/gems/bootstrap-sass-3.3.7/assets/javascripts
  /Users/jackjou/.rvm/gems/ruby-2.4.1/gems/bootstrap-sass-3.3.7/assets/fonts
  /Users/jackjou/.rvm/gems/ruby-2.4.1/gems/bootstrap-sass-3.3.7/assets/images):
    4:     <title>Chatter</title>
    5:     <%= csrf_meta_tags %>
    6: 
    7:     <%= stylesheet_link_tag    'application', media: 'all', 'data-turbolinks-track': 'reload' %>
    8:     <%= javascript_include_tag 'application', 'data-turbolinks-track': 'reload' %>
    9:   </head>
   10: 
  
app/assets/javascripts/application.js:16
app/views/layouts/application.html.erb:7:in `_app_views_layouts_application_html_erb___3888703431496227529_70277980920340'
Started GET "/" for 127.0.0.1 at 2018-03-31 16:17:16 +0800
Processing by PagesController#index as HTML
  Rendering pages/index.html.erb within layouts/application
  Rendered pages/index.html.erb within layouts/application (1.0ms)
Completed 200 OK in 2332ms (Views: 2205.3ms)


Started GET "/" for 127.0.0.1 at 2018-03-31 16:24:29 +0800
Processing by PagesController#index as HTML
  Rendering pages/index.html.erb within layouts/application
  Rendered pages/index.html.erb within layouts/application (0.6ms)
  Rendered layouts/_nav.html.erb (0.9ms)
Completed 200 OK in 98ms (Views: 93.3ms)


Started GET "/" for 127.0.0.1 at 2018-03-31 16:26:08 +0800
Processing by PagesController#index as HTML
  Rendering pages/index.html.erb within layouts/application
  Rendered pages/index.html.erb within layouts/application (0.4ms)
  Rendered layouts/_nav.html.erb (0.5ms)
Completed 200 OK in 90ms (Views: 84.0ms)


Started GET "/" for 127.0.0.1 at 2018-03-31 16:26:09 +0800
Processing by PagesController#index as HTML
  Rendering pages/index.html.erb within layouts/application
  Rendered pages/index.html.erb within layouts/application (0.4ms)
  Rendered layouts/_nav.html.erb (0.6ms)
Completed 200 OK in 62ms (Views: 59.4ms)


Started GET "/" for 127.0.0.1 at 2018-03-31 16:33:21 +0800
Processing by PagesController#index as HTML
  Rendering pages/index.html.erb within layouts/application
  Rendered pages/index.html.erb within layouts/application (0.4ms)
  Rendered layouts/_nav.html.erb (0.3ms)
Completed 200 OK in 46ms (Views: 44.4ms)


Started GET "/" for 127.0.0.1 at 2018-03-31 16:34:06 +0800
Processing by PagesController#index as HTML
  Rendering pages/index.html.erb within layouts/application
  Rendered pages/index.html.erb within layouts/application (0.5ms)
  Rendered layouts/_nav.html.erb (0.4ms)
Completed 200 OK in 43ms (Views: 41.2ms)


Started GET "/" for 127.0.0.1 at 2018-03-31 16:42:18 +0800
Processing by PagesController#index as HTML
  Rendering pages/index.html.erb within layouts/application
  Rendered pages/index.html.erb within layouts/application (0.4ms)
  Rendered layouts/_nav.html.erb (0.5ms)
Completed 200 OK in 48ms (Views: 45.6ms)


Started GET "/" for 127.0.0.1 at 2018-03-31 16:42:24 +0800
Processing by PagesController#index as HTML
  Rendering pages/index.html.erb within layouts/application
  Rendered pages/index.html.erb within layouts/application (0.3ms)
  Rendered layouts/_nav.html.erb (0.3ms)
Completed 200 OK in 44ms (Views: 40.4ms)


Started GET "/" for 127.0.0.1 at 2018-03-31 16:45:05 +0800
Processing by PagesController#index as HTML
  Rendering pages/index.html.erb within layouts/application
  Rendered pages/index.html.erb within layouts/application (0.3ms)
  Rendered layouts/_nav.html.erb (0.3ms)
Completed 200 OK in 40ms (Views: 37.7ms)


Started GET "/" for 127.0.0.1 at 2018-03-31 16:51:25 +0800
Processing by PagesController#index as HTML
  Rendering pages/index.html.erb within layouts/application
  Rendered pages/index.html.erb within layouts/application (0.3ms)
  Rendered layouts/_nav.html.erb (0.3ms)
Completed 200 OK in 56ms (Views: 53.8ms)


Started GET "/" for 127.0.0.1 at 2018-03-31 16:54:11 +0800
Processing by PagesController#index as HTML
  Rendering pages/index.html.erb within layouts/application
  Rendered pages/index.html.erb within layouts/application (0.7ms)
  Rendered layouts/_nav.html.erb (0.5ms)
Completed 200 OK in 75ms (Views: 73.1ms)


Started GET "/" for 127.0.0.1 at 2018-03-31 17:10:37 +0800
Processing by PagesController#index as HTML
  Rendering pages/index.html.erb within layouts/application
  Rendered pages/index.html.erb within layouts/application (0.5ms)
  Rendered layouts/_nav.html.erb (0.3ms)
Completed 200 OK in 55ms (Views: 51.0ms)


Started GET "/" for 127.0.0.1 at 2018-03-31 17:10:42 +0800
Processing by PagesController#index as HTML
  Rendering pages/index.html.erb within layouts/application
  Rendered pages/index.html.erb within layouts/application (0.3ms)
  Rendered layouts/_nav.html.erb (0.3ms)
Completed 200 OK in 45ms (Views: 43.0ms)


Started GET "/home" for 127.0.0.1 at 2018-03-31 17:10:44 +0800
Processing by PagesController#home as HTML
  Rendering pages/home.html.erb within layouts/application
  Rendered pages/home.html.erb within layouts/application (0.3ms)
  Rendered layouts/_nav.html.erb (0.3ms)
Completed 200 OK in 44ms (Views: 42.3ms)


Started GET "/home" for 127.0.0.1 at 2018-03-31 17:14:50 +0800
Processing by PagesController#home as HTML
  Rendering pages/home.html.erb within layouts/application
  Rendered pages/home.html.erb within layouts/application (0.7ms)
  Rendered layouts/_nav.html.erb (0.5ms)
Completed 200 OK in 64ms (Views: 62.2ms)


Started GET "/home" for 127.0.0.1 at 2018-03-31 17:15:08 +0800
Processing by PagesController#home as HTML
  Rendering pages/home.html.erb within layouts/application
  Rendered pages/home.html.erb within layouts/application (0.4ms)
  Rendered layouts/_nav.html.erb (0.3ms)
Completed 200 OK in 60ms (Views: 56.2ms)


Started GET "/home" for 127.0.0.1 at 2018-03-31 17:19:12 +0800
Processing by PagesController#home as HTML
  Rendering pages/home.html.erb within layouts/application
  Rendered pages/home.html.erb within layouts/application (0.4ms)
  Rendered layouts/_nav.html.erb (0.3ms)
Completed 200 OK in 47ms (Views: 44.8ms)


Started GET "/home" for 127.0.0.1 at 2018-03-31 17:19:17 +0800
Processing by PagesController#home as HTML
  Rendering pages/home.html.erb within layouts/application
  Rendered pages/home.html.erb within layouts/application (0.3ms)
  Rendered layouts/_nav.html.erb (0.9ms)
Completed 200 OK in 60ms (Views: 58.3ms)


Started GET "/" for 127.0.0.1 at 2018-03-31 17:19:17 +0800
Processing by PagesController#index as HTML
  Rendering pages/index.html.erb within layouts/application
  Rendered pages/index.html.erb within layouts/application (0.3ms)
  Rendered layouts/_nav.html.erb (0.5ms)
Completed 200 OK in 53ms (Views: 51.3ms)


Started GET "/profile" for 127.0.0.1 at 2018-03-31 17:19:21 +0800
Processing by PagesController#profile as HTML
  Rendering pages/profile.html.erb within layouts/application
  Rendered pages/profile.html.erb within layouts/application (0.3ms)
  Rendered layouts/_nav.html.erb (0.3ms)
Completed 200 OK in 50ms (Views: 47.5ms)


Started GET "/profile" for 127.0.0.1 at 2018-03-31 17:21:16 +0800
Processing by PagesController#profile as HTML
  Rendering pages/profile.html.erb within layouts/application
  Rendered pages/profile.html.erb within layouts/application (0.3ms)
  Rendered layouts/_nav.html.erb (0.5ms)
Completed 200 OK in 52ms (Views: 49.9ms)


Started GET "/" for 127.0.0.1 at 2018-03-31 17:26:25 +0800
Processing by PagesController#index as HTML
  Rendering pages/index.html.erb within layouts/application
  Rendered pages/index.html.erb within layouts/application (0.3ms)
  Rendered layouts/_nav.html.erb (0.4ms)
Completed 200 OK in 41ms (Views: 39.3ms)


Started GET "/profile" for 127.0.0.1 at 2018-03-31 18:15:46 +0800
Processing by PagesController#profile as HTML
  Rendering pages/profile.html.erb within layouts/application
  Rendered pages/profile.html.erb within layouts/application (1.0ms)
  Rendered layouts/_nav.html.erb (0.5ms)
Completed 200 OK in 496ms (Views: 289.0ms)


Started GET "/profile" for 127.0.0.1 at 2018-03-31 18:15:50 +0800
Processing by PagesController#profile as HTML
  Rendering pages/profile.html.erb within layouts/application
  Rendered pages/profile.html.erb within layouts/application (0.4ms)
  Rendered layouts/_nav.html.erb (0.4ms)
Completed 200 OK in 48ms (Views: 46.3ms)


Started GET "/" for 127.0.0.1 at 2018-03-31 18:15:52 +0800
Processing by PagesController#index as HTML
  Rendering pages/index.html.erb within layouts/application
  Rendered pages/index.html.erb within layouts/application (0.4ms)
Started GET "/" for 127.0.0.1 at 2018-03-31 18:15:52 +0800
Processing by PagesController#index as HTML
  Rendering pages/index.html.erb within layouts/application
  Rendered pages/index.html.erb within layouts/application (0.7ms)
  Rendered layouts/_nav.html.erb (0.3ms)
Completed 200 OK in 181ms (Views: 176.9ms)


  Rendered layouts/_nav.html.erb (0.5ms)
Completed 200 OK in 152ms (Views: 149.7ms)


Started GET "/" for 127.0.0.1 at 2018-03-31 18:17:27 +0800
Processing by PagesController#index as HTML
  Rendering pages/index.html.erb within layouts/application
  Rendered pages/index.html.erb within layouts/application (0.9ms)
  Rendered layouts/_nav.html.erb (0.4ms)
Completed 200 OK in 384ms (Views: 207.5ms)


Started GET "/" for 127.0.0.1 at 2018-03-31 23:21:00 +0800
Processing by PagesController#index as HTML
  Rendering pages/index.html.erb within layouts/application
  Rendered pages/index.html.erb within layouts/application (1.3ms)
  Rendered layouts/_nav.html.erb (0.5ms)
Completed 200 OK in 532ms (Views: 311.2ms)


Started GET "/home" for 127.0.0.1 at 2018-03-31 23:21:04 +0800
Processing by PagesController#home as HTML
  Rendering pages/home.html.erb within layouts/application
  Rendered pages/home.html.erb within layouts/application (0.5ms)
  Rendered layouts/_nav.html.erb (0.6ms)
Completed 200 OK in 59ms (Views: 54.5ms)


Started GET "/profile" for 127.0.0.1 at 2018-03-31 23:21:11 +0800
Processing by PagesController#profile as HTML
  Rendering pages/profile.html.erb within layouts/application
  Rendered pages/profile.html.erb within layouts/application (0.4ms)
  Rendered layouts/_nav.html.erb (0.4ms)
Completed 200 OK in 93ms (Views: 85.7ms)


Started GET "/home" for 127.0.0.1 at 2018-03-31 23:21:14 +0800
Processing by PagesController#home as HTML
  Rendering pages/home.html.erb within layouts/application
  Rendered pages/home.html.erb within layouts/application (0.5ms)
  Rendered layouts/_nav.html.erb (0.3ms)
Completed 200 OK in 115ms (Views: 109.5ms)


Started GET "/profile" for 127.0.0.1 at 2018-03-31 23:21:18 +0800
Processing by PagesController#profile as HTML
  Rendering pages/profile.html.erb within layouts/application
  Rendered pages/profile.html.erb within layouts/application (0.5ms)
  Rendered layouts/_nav.html.erb (0.3ms)
Completed 200 OK in 67ms (Views: 63.6ms)


Started GET "/profile" for 127.0.0.1 at 2018-03-31 23:23:32 +0800
Processing by PagesController#profile as HTML
  Rendering pages/profile.html.erb within layouts/application
  Rendered pages/profile.html.erb within layouts/application (0.9ms)
  Rendered layouts/_nav.html.erb (0.5ms)
Completed 200 OK in 451ms (Views: 260.4ms)


Started GET "/home" for 127.0.0.1 at 2018-03-31 23:23:34 +0800
Processing by PagesController#home as HTML
  Rendering pages/home.html.erb within layouts/application
  Rendered pages/home.html.erb within layouts/application (0.4ms)
  Rendered layouts/_nav.html.erb (0.4ms)
Completed 200 OK in 71ms (Views: 66.6ms)


Started GET "/" for 127.0.0.1 at 2018-03-31 23:23:35 +0800
Processing by PagesController#index as HTML
  Rendering pages/index.html.erb within layouts/application
  Rendered pages/index.html.erb within layouts/application (0.3ms)
  Rendered layouts/_nav.html.erb (0.8ms)
Completed 200 OK in 97ms (Views: 93.4ms)


Started GET "/home" for 127.0.0.1 at 2018-03-31 23:23:37 +0800
Processing by PagesController#home as HTML
  Rendering pages/home.html.erb within layouts/application
  Rendered pages/home.html.erb within layouts/application (0.9ms)
  Rendered layouts/_nav.html.erb (0.3ms)
Completed 200 OK in 120ms (Views: 112.1ms)


Started GET "/home" for 127.0.0.1 at 2018-03-31 23:23:38 +0800
Processing by PagesController#home as HTML
  Rendering pages/home.html.erb within layouts/application
  Rendered pages/home.html.erb within layouts/application (0.5ms)
  Rendered layouts/_nav.html.erb (0.3ms)
Completed 200 OK in 68ms (Views: 62.0ms)


Started GET "/home" for 127.0.0.1 at 2018-03-31 23:23:40 +0800
Processing by PagesController#home as HTML
  Rendering pages/home.html.erb within layouts/application
  Rendered pages/home.html.erb within layouts/application (0.3ms)
  Rendered layouts/_nav.html.erb (0.4ms)
Completed 200 OK in 51ms (Views: 49.2ms)


Started GET "/profile" for 127.0.0.1 at 2018-03-31 23:23:42 +0800
Processing by PagesController#profile as HTML
  Rendering pages/profile.html.erb within layouts/application
  Rendered pages/profile.html.erb within layouts/application (0.7ms)
  Rendered layouts/_nav.html.erb (0.4ms)
Completed 200 OK in 105ms (Views: 98.5ms)


  [1m[35m (0.1ms)[0m  [1m[34mSELECT sqlite_version(*)[0m
  [1m[35m (1.6ms)[0m  [1m[35mCREATE TABLE "schema_migrations" ("version" varchar NOT NULL PRIMARY KEY)[0m
  [1m[35m (3.3ms)[0m  [1m[35mCREATE TABLE "ar_internal_metadata" ("key" varchar NOT NULL PRIMARY KEY, "value" varchar, "created_at" datetime NOT NULL, "updated_at" datetime NOT NULL)[0m
  [1m[36mActiveRecord::InternalMetadata Load (0.2ms)[0m  [1m[34mSELECT  "ar_internal_metadata".* FROM "ar_internal_metadata" WHERE "ar_internal_metadata"."key" = ? LIMIT ?[0m  [["key", "environment"], ["LIMIT", 1]]
  [1m[35m (0.0ms)[0m  [1m[36mbegin transaction[0m
  [1m[35mSQL (0.4ms)[0m  [1m[32mINSERT INTO "ar_internal_metadata" ("key", "value", "created_at", "updated_at") VALUES (?, ?, ?, ?)[0m  [["key", "environment"], ["value", "development"], ["created_at", "2018-03-31 16:47:03.016175"], ["updated_at", "2018-03-31 16:47:03.016175"]]
  [1m[35m (0.9ms)[0m  [1m[36mcommit transaction[0m
  [1m[35m (0.1ms)[0m  [1m[34mSELECT "schema_migrations"."version" FROM "schema_migrations" ORDER BY "schema_migrations"."version" ASC[0m
  [1m[35m (0.4ms)[0m  [1m[34mSELECT "schema_migrations"."version" FROM "schema_migrations" ORDER BY "schema_migrations"."version" ASC[0m
Migrating to DeviseCreateUsers (20180331171341)
  [1m[35m (0.1ms)[0m  [1m[36mbegin transaction[0m
  [1m[35m (0.1ms)[0m  [1m[34mSELECT sqlite_version(*)[0m
  [1m[35m (0.4ms)[0m  [1m[35mCREATE TABLE "users" ("id" INTEGER PRIMARY KEY AUTOINCREMENT NOT NULL, "email" varchar DEFAULT '' NOT NULL, "encrypted_password" varchar DEFAULT '' NOT NULL, "reset_password_token" varchar, "reset_password_sent_at" datetime, "remember_created_at" datetime, "sign_in_count" integer DEFAULT 0 NOT NULL, "current_sign_in_at" datetime, "last_sign_in_at" datetime, "current_sign_in_ip" varchar, "last_sign_in_ip" varchar, "created_at" datetime NOT NULL, "updated_at" datetime NOT NULL)[0m
  [1m[35m (0.1ms)[0m  [1m[35mCREATE UNIQUE INDEX "index_users_on_email" ON "users" ("email")[0m
  [1m[35m (0.1ms)[0m  [1m[34m            SELECT sql
            FROM sqlite_master
            WHERE name='index_users_on_email' AND type='index'
            UNION ALL
            SELECT sql
            FROM sqlite_temp_master
            WHERE name='index_users_on_email' AND type='index'
[0m
  [1m[35m (0.1ms)[0m  [1m[35mCREATE UNIQUE INDEX "index_users_on_reset_password_token" ON "users" ("reset_password_token")[0m
  [1m[35mSQL (0.3ms)[0m  [1m[32mINSERT INTO "schema_migrations" ("version") VALUES (?)[0m  [["version", "20180331171341"]]
  [1m[35m (1.4ms)[0m  [1m[36mcommit transaction[0m
  [1m[36mActiveRecord::InternalMetadata Load (0.8ms)[0m  [1m[34mSELECT  "ar_internal_metadata".* FROM "ar_internal_metadata" WHERE "ar_internal_metadata"."key" = ? LIMIT ?[0m  [["key", "environment"], ["LIMIT", 1]]
  [1m[35m (0.1ms)[0m  [1m[36mbegin transaction[0m
  [1m[35m (0.0ms)[0m  [1m[36mcommit transaction[0m
  [1m[35m (0.1ms)[0m  [1m[34mSELECT "schema_migrations"."version" FROM "schema_migrations" ORDER BY "schema_migrations"."version" ASC[0m
  [1m[35m (0.1ms)[0m  [1m[34m            SELECT sql
            FROM sqlite_master
            WHERE name='index_users_on_reset_password_token' AND type='index'
            UNION ALL
            SELECT sql
            FROM sqlite_temp_master
            WHERE name='index_users_on_reset_password_token' AND type='index'
[0m
  [1m[35m (0.1ms)[0m  [1m[34m            SELECT sql
            FROM sqlite_master
            WHERE name='index_users_on_email' AND type='index'
            UNION ALL
            SELECT sql
            FROM sqlite_temp_master
            WHERE name='index_users_on_email' AND type='index'
[0m
Started GET "/" for 127.0.0.1 at 2018-04-01 01:15:24 +0800
  [1m[35m (0.1ms)[0m  [1m[34mSELECT "schema_migrations"."version" FROM "schema_migrations" ORDER BY "schema_migrations"."version" ASC[0m
Processing by PagesController#index as HTML
  Rendering pages/index.html.erb within layouts/application
  Rendered pages/index.html.erb within layouts/application (1.4ms)
  Rendered layouts/_nav.html.erb (0.5ms)
Completed 200 OK in 396ms (Views: 385.7ms | ActiveRecord: 0.0ms)


Started GET "/" for 127.0.0.1 at 2018-04-01 01:15:30 +0800
Processing by PagesController#index as HTML
  Rendering pages/index.html.erb within layouts/application
  Rendered pages/index.html.erb within layouts/application (0.4ms)
  Rendered layouts/_nav.html.erb (0.4ms)
Completed 200 OK in 60ms (Views: 57.7ms | ActiveRecord: 0.0ms)


Started GET "/users/sign_in" for 127.0.0.1 at 2018-04-01 01:15:32 +0800
Processing by Devise::SessionsController#new as HTML
  Rendering devise/sessions/new.html.erb within layouts/application
  Rendered devise/shared/_links.html.erb (1.3ms)
  Rendered devise/sessions/new.html.erb within layouts/application (31.1ms)
  Rendered layouts/_nav.html.erb (0.5ms)
Completed 200 OK in 155ms (Views: 122.8ms | ActiveRecord: 0.9ms)


Started GET "/users/sign_in" for 127.0.0.1 at 2018-04-01 01:15:35 +0800
Processing by Devise::SessionsController#new as HTML
  Rendering devise/sessions/new.html.erb within layouts/application
  Rendered devise/shared/_links.html.erb (1.2ms)
  Rendered devise/sessions/new.html.erb within layouts/application (5.1ms)
  Rendered layouts/_nav.html.erb (0.5ms)
Completed 200 OK in 90ms (Views: 88.8ms | ActiveRecord: 0.0ms)


Started GET "/users/sign_up" for 127.0.0.1 at 2018-04-01 01:15:47 +0800
Processing by Devise::RegistrationsController#new as HTML
  Rendering devise/registrations/new.html.erb within layouts/application
  Rendered devise/shared/_links.html.erb (1.8ms)
  Rendered devise/registrations/new.html.erb within layouts/application (6.9ms)
  Rendered layouts/_nav.html.erb (0.3ms)
Completed 200 OK in 84ms (Views: 80.8ms | ActiveRecord: 0.0ms)


Started POST "/users" for 127.0.0.1 at 2018-04-01 01:16:08 +0800
Processing by Devise::RegistrationsController#create as HTML
  Parameters: {"utf8"=>"✓", "authenticity_token"=>"JY1+EuJtH8KTWItvysGk+jn/D7d8cwU/4g0efmGHhMRoepumLBxttbykUIxdV3hlRtetTQjUfwnSwaOzxN5WMQ==", "user"=>{"email"=>"jack@gmail.com", "password"=>"[FILTERED]", "password_confirmation"=>"[FILTERED]"}, "commit"=>"Sign up"}
  [1m[35m (0.1ms)[0m  [1m[36mbegin transaction[0m
  [1m[36mUser Exists (0.2ms)[0m  [1m[34mSELECT  1 AS one FROM "users" WHERE "users"."email" = ? LIMIT ?[0m  [["email", "jack@gmail.com"], ["LIMIT", 1]]
  [1m[35mSQL (0.5ms)[0m  [1m[32mINSERT INTO "users" ("email", "encrypted_password", "created_at", "updated_at") VALUES (?, ?, ?, ?)[0m  [["email", "jack@gmail.com"], ["encrypted_password", "$2a$11$PAchS0euDwPwF.LbeVM0DOdeatm.SeeWtqrghZg.OHYthtuhaTUam"], ["created_at", "2018-03-31 17:16:08.396318"], ["updated_at", "2018-03-31 17:16:08.396318"]]
  [1m[35m (0.9ms)[0m  [1m[36mcommit transaction[0m
  [1m[35m (0.0ms)[0m  [1m[36mbegin transaction[0m
  [1m[35mSQL (0.3ms)[0m  [1m[33mUPDATE "users" SET "sign_in_count" = ?, "current_sign_in_at" = ?, "last_sign_in_at" = ?, "current_sign_in_ip" = ?, "last_sign_in_ip" = ?, "updated_at" = ? WHERE "users"."id" = ?[0m  [["sign_in_count", 1], ["current_sign_in_at", "2018-03-31 17:16:08.399268"], ["last_sign_in_at", "2018-03-31 17:16:08.399268"], ["current_sign_in_ip", "127.0.0.1"], ["last_sign_in_ip", "127.0.0.1"], ["updated_at", "2018-03-31 17:16:08.399679"], ["id", 1]]
  [1m[35m (1.0ms)[0m  [1m[36mcommit transaction[0m
Redirected to http://127.0.0.1:3000/
Completed 302 Found in 176ms (ActiveRecord: 3.0ms)


Started GET "/" for 127.0.0.1 at 2018-04-01 01:16:08 +0800
Processing by PagesController#index as HTML
  Rendering pages/index.html.erb within layouts/application
  Rendered pages/index.html.erb within layouts/application (0.3ms)
  Rendered layouts/_nav.html.erb (0.5ms)
Completed 200 OK in 63ms (Views: 60.9ms | ActiveRecord: 0.0ms)


Started GET "/" for 127.0.0.1 at 2018-04-01 11:29:17 +0800
  [1m[35m (0.1ms)[0m  [1m[34mSELECT "schema_migrations"."version" FROM "schema_migrations" ORDER BY "schema_migrations"."version" ASC[0m
Processing by PagesController#index as HTML
  Rendering pages/index.html.erb within layouts/application
  Rendered pages/index.html.erb within layouts/application (0.9ms)
  Rendered layouts/_nav.html.erb (0.5ms)
Completed 200 OK in 321ms (Views: 310.3ms | ActiveRecord: 0.0ms)


Started GET "/" for 127.0.0.1 at 2018-04-01 11:29:20 +0800
Processing by PagesController#index as HTML
  Rendering pages/index.html.erb within layouts/application
  Rendered pages/index.html.erb within layouts/application (0.4ms)
  Rendered layouts/_nav.html.erb (0.3ms)
Completed 200 OK in 56ms (Views: 52.4ms | ActiveRecord: 0.0ms)


Started GET "/home" for 127.0.0.1 at 2018-04-01 11:29:21 +0800
Processing by PagesController#home as HTML
  Rendering pages/home.html.erb within layouts/application
  Rendered pages/home.html.erb within layouts/application (0.4ms)
  Rendered layouts/_nav.html.erb (0.5ms)
Completed 200 OK in 64ms (Views: 57.4ms | ActiveRecord: 0.0ms)


Started GET "/home" for 127.0.0.1 at 2018-04-01 11:56:19 +0800
Processing by PagesController#home as HTML
  Rendering pages/home.html.erb within layouts/application
  Rendered pages/home.html.erb within layouts/application (0.5ms)
  Rendered layouts/_nav.html.erb (242.4ms)
Completed 500 Internal Server Error in 329ms (ActiveRecord: 0.0ms)


  
ActionView::Template::Error (undefined method `user_sign_in?' for #<#<Class:0x007f93f3e7c6b8>:0x007f93f331da38>
Did you mean?  user_signed_in?):
    1: <% if !user_sign_in? %>
    2:     <%= render '/layouts/nav_guest' %>
    3: <% else %>
    4:     <%= render '/layouts/nav_user'%>
  
app/views/layouts/_nav.html.erb:1:in `_app_views_layouts__nav_html_erb__1922674178346665701_70136709271340'
app/views/layouts/application.html.erb:12:in `_app_views_layouts_application_html_erb___4403361660466788568_70136714835780'
Started GET "/home" for 127.0.0.1 at 2018-04-01 11:56:55 +0800
Processing by PagesController#home as HTML
  Rendering pages/home.html.erb within layouts/application
  Rendered pages/home.html.erb within layouts/application (0.4ms)
  [1m[36mUser Load (0.3ms)[0m  [1m[34mSELECT  "users".* FROM "users" WHERE "users"."id" = ? ORDER BY "users"."id" ASC LIMIT ?[0m  [["id", 1], ["LIMIT", 1]]
  Rendered layouts/_nav_user.html.erb (139.9ms)
  Rendered layouts/_nav.html.erb (173.8ms)
Completed 500 Internal Server Error in 220ms (ActiveRecord: 1.0ms)


  
ActionView::Template::Error (undefined method `links_to' for #<#<Class:0x007f93f3e7c6b8>:0x007f93f8811cb0>
Did you mean?  link_to):
    31:             <li><a href="/profile">Profile</a></li>
    32:             <li role="separator" class="divider"></li>
    33:             <li><a href="#">Help</a></li>
    34:             <li><%= links_to('Edit Profile', edit_user_registration_path) %></li>
    35:             <li role="separator" class="divider"></li>
    36:             <li><%= links_to('Log out', destroy_user_session_path, :method => :delete) %></li>
    37:           </ul>
  
app/views/layouts/_nav_user.html.erb:34:in `_app_views_layouts__nav_user_html_erb___4537178191177391357_70136746062600'
app/views/layouts/_nav.html.erb:4:in `_app_views_layouts__nav_html_erb__1922674178346665701_70136746519400'
app/views/layouts/application.html.erb:12:in `_app_views_layouts_application_html_erb___4403361660466788568_70136753105700'
Started GET "/home" for 127.0.0.1 at 2018-04-01 11:57:59 +0800
Processing by PagesController#home as HTML
  Rendering pages/home.html.erb within layouts/application
  Rendered pages/home.html.erb within layouts/application (0.4ms)
  [1m[36mUser Load (0.3ms)[0m  [1m[34mSELECT  "users".* FROM "users" WHERE "users"."id" = ? ORDER BY "users"."id" ASC LIMIT ?[0m  [["id", 1], ["LIMIT", 1]]
  Rendered layouts/_nav_user.html.erb (1.0ms)
  Rendered layouts/_nav.html.erb (5.8ms)
Completed 200 OK in 66ms (Views: 64.0ms | ActiveRecord: 0.3ms)


Started GET "/home" for 127.0.0.1 at 2018-04-01 11:58:36 +0800
Processing by PagesController#home as HTML
  Rendering pages/home.html.erb within layouts/application
  Rendered pages/home.html.erb within layouts/application (0.4ms)
  [1m[36mUser Load (0.2ms)[0m  [1m[34mSELECT  "users".* FROM "users" WHERE "users"."id" = ? ORDER BY "users"."id" ASC LIMIT ?[0m  [["id", 1], ["LIMIT", 1]]
  Rendered layouts/_nav_user.html.erb (0.6ms)
  Rendered layouts/_nav.html.erb (4.1ms)
Completed 200 OK in 66ms (Views: 63.5ms | ActiveRecord: 0.2ms)


Started GET "/users/edit" for 127.0.0.1 at 2018-04-01 11:58:40 +0800
Processing by Devise::RegistrationsController#edit as HTML
  [1m[36mUser Load (0.3ms)[0m  [1m[34mSELECT  "users".* FROM "users" WHERE "users"."id" = ? ORDER BY "users"."id" ASC LIMIT ?[0m  [["id", 1], ["LIMIT", 1]]
  Rendering devise/registrations/edit.html.erb within layouts/application
  Rendered devise/registrations/edit.html.erb within layouts/application (27.1ms)
  Rendered layouts/_nav_user.html.erb (0.5ms)
  Rendered layouts/_nav.html.erb (2.6ms)
Completed 200 OK in 85ms (Views: 81.6ms | ActiveRecord: 0.3ms)


Started DELETE "/users/sign_out" for 127.0.0.1 at 2018-04-01 11:58:51 +0800
Processing by Devise::SessionsController#destroy as HTML
  Parameters: {"authenticity_token"=>"MGN+OtXlZAKPEvLNUmSJdk1tiNtkd0Jew4KUVeJ+fc+Un2m5xrV+jN4Z+fPmSPI38dIJ1ulN3h+Tq4hUjafLtQ=="}
  [1m[36mUser Load (0.2ms)[0m  [1m[34mSELECT  "users".* FROM "users" WHERE "users"."id" = ? ORDER BY "users"."id" ASC LIMIT ?[0m  [["id", 1], ["LIMIT", 1]]
  [1m[35m (0.1ms)[0m  [1m[36mbegin transaction[0m
  [1m[35m (0.1ms)[0m  [1m[36mcommit transaction[0m
Redirected to http://127.0.0.1:3000/
Completed 302 Found in 7ms (ActiveRecord: 0.3ms)


Started GET "/" for 127.0.0.1 at 2018-04-01 11:58:51 +0800
Processing by PagesController#index as HTML
  Rendering pages/index.html.erb within layouts/application
  Rendered pages/index.html.erb within layouts/application (0.3ms)
  Rendered layouts/_nav_guest.html.erb (0.5ms)
  Rendered layouts/_nav.html.erb (10.9ms)
Completed 200 OK in 71ms (Views: 69.5ms | ActiveRecord: 0.0ms)


Started GET "/home" for 127.0.0.1 at 2018-04-01 11:59:39 +0800
Processing by PagesController#home as HTML
  Rendering pages/home.html.erb within layouts/application
  Rendered pages/home.html.erb within layouts/application (0.4ms)
  Rendered layouts/_nav_guest.html.erb (0.5ms)
  Rendered layouts/_nav.html.erb (2.6ms)
Completed 200 OK in 52ms (Views: 49.3ms | ActiveRecord: 0.0ms)


Started GET "/users/edit" for 127.0.0.1 at 2018-04-01 11:59:56 +0800
Started GET "/home" for 127.0.0.1 at 2018-04-01 11:59:56 +0800
Processing by Devise::RegistrationsController#edit as HTML
Processing by PagesController#home as HTML
Completed 401 Unauthorized in 1ms (ActiveRecord: 0.0ms)


  Rendering pages/home.html.erb within layouts/application
  Rendered pages/home.html.erb within layouts/application (0.4ms)
  Rendered layouts/_nav_guest.html.erb (0.6ms)
  Rendered layouts/_nav.html.erb (3.8ms)
Completed 200 OK in 57ms (Views: 51.1ms | ActiveRecord: 0.0ms)


Started GET "/" for 127.0.0.1 at 2018-04-01 11:59:57 +0800
Processing by PagesController#index as HTML
  Rendering pages/index.html.erb within layouts/application
  Rendered pages/index.html.erb within layouts/application (0.3ms)
  Rendered layouts/_nav_guest.html.erb (0.6ms)
  Rendered layouts/_nav.html.erb (3.9ms)
Completed 200 OK in 60ms (Views: 58.4ms | ActiveRecord: 0.0ms)


Started GET "/users/sign_in" for 127.0.0.1 at 2018-04-01 11:59:58 +0800
Processing by Devise::SessionsController#new as HTML
  Rendering devise/sessions/new.html.erb within layouts/application
  Rendered devise/shared/_links.html.erb (1.0ms)
  Rendered devise/sessions/new.html.erb within layouts/application (7.4ms)
  Rendered layouts/_nav_guest.html.erb (0.2ms)
  Rendered layouts/_nav.html.erb (2.1ms)
Completed 200 OK in 53ms (Views: 50.5ms | ActiveRecord: 0.0ms)


Started GET "/users/sign_in" for 127.0.0.1 at 2018-04-01 11:59:59 +0800
Processing by Devise::SessionsController#new as HTML
  Rendering devise/sessions/new.html.erb within layouts/application
  Rendered devise/shared/_links.html.erb (0.8ms)
  Rendered devise/sessions/new.html.erb within layouts/application (4.7ms)
  Rendered layouts/_nav_guest.html.erb (0.5ms)
  Rendered layouts/_nav.html.erb (4.0ms)
Completed 200 OK in 80ms (Views: 78.0ms | ActiveRecord: 0.0ms)


Started POST "/users/sign_in" for 127.0.0.1 at 2018-04-01 12:00:03 +0800
Processing by Devise::SessionsController#create as HTML
  Parameters: {"utf8"=>"✓", "authenticity_token"=>"KSWJZuqxr9lQlYg5I6UtAUHW3qeq3m3ZzIfDKbBmeIjf2wQmAhm8NlvvIJKwTgWvfUVNVA07moiRtoZWVOLZUQ==", "user"=>{"email"=>"jack@gmail.com", "password"=>"[FILTERED]", "remember_me"=>"0"}, "commit"=>"Log in"}
  [1m[36mUser Load (0.3ms)[0m  [1m[34mSELECT  "users".* FROM "users" WHERE "users"."email" = ? ORDER BY "users"."id" ASC LIMIT ?[0m  [["email", "jack@gmail.com"], ["LIMIT", 1]]
  [1m[35m (0.1ms)[0m  [1m[36mbegin transaction[0m
  [1m[35mSQL (0.6ms)[0m  [1m[33mUPDATE "users" SET "current_sign_in_at" = ?, "sign_in_count" = ?, "updated_at" = ? WHERE "users"."id" = ?[0m  [["current_sign_in_at", "2018-04-01 04:00:03.645257"], ["sign_in_count", 2], ["updated_at", "2018-04-01 04:00:03.646083"], ["id", 1]]
  [1m[35m (4.5ms)[0m  [1m[36mcommit transaction[0m
Redirected to http://127.0.0.1:3000/
Completed 302 Found in 172ms (ActiveRecord: 5.5ms)


Started GET "/" for 127.0.0.1 at 2018-04-01 12:00:03 +0800
Processing by PagesController#index as HTML
  Rendering pages/index.html.erb within layouts/application
  Rendered pages/index.html.erb within layouts/application (0.4ms)
  [1m[36mUser Load (0.4ms)[0m  [1m[34mSELECT  "users".* FROM "users" WHERE "users"."id" = ? ORDER BY "users"."id" ASC LIMIT ?[0m  [["id", 1], ["LIMIT", 1]]
  Rendered layouts/_nav_user.html.erb (1.1ms)
  Rendered layouts/_nav.html.erb (6.9ms)
Completed 200 OK in 73ms (Views: 69.8ms | ActiveRecord: 0.4ms)


Started DELETE "/users/sign_out" for 127.0.0.1 at 2018-04-01 12:00:24 +0800
Processing by Devise::SessionsController#destroy as HTML
  Parameters: {"authenticity_token"=>"lN9huA603XSPCqWd7z1cXsmaqx56IMeFfCCAfP2HiVlpCvpvueF5xC6L+OX4Kowf9GHx2tDshRowlbKEzAp8Fw=="}
  [1m[36mUser Load (0.3ms)[0m  [1m[34mSELECT  "users".* FROM "users" WHERE "users"."id" = ? ORDER BY "users"."id" ASC LIMIT ?[0m  [["id", 1], ["LIMIT", 1]]
  [1m[35m (0.1ms)[0m  [1m[36mbegin transaction[0m
  [1m[35m (0.0ms)[0m  [1m[36mcommit transaction[0m
Redirected to http://127.0.0.1:3000/
Completed 302 Found in 4ms (ActiveRecord: 0.4ms)


Started GET "/" for 127.0.0.1 at 2018-04-01 12:00:24 +0800
Processing by PagesController#index as HTML
  Rendering pages/index.html.erb within layouts/application
  Rendered pages/index.html.erb within layouts/application (0.3ms)
  Rendered layouts/_nav_guest.html.erb (0.4ms)
  Rendered layouts/_nav.html.erb (4.0ms)
Completed 200 OK in 77ms (Views: 74.4ms | ActiveRecord: 0.0ms)


Started GET "/" for 127.0.0.1 at 2018-04-01 12:02:59 +0800
Processing by PagesController#index as HTML
  Rendering pages/index.html.erb within layouts/application
  Rendered pages/index.html.erb within layouts/application (0.3ms)
  Rendered layouts/_nav_guest.html.erb (171.3ms)
  Rendered layouts/_nav.html.erb (175.4ms)
Completed 500 Internal Server Error in 243ms (ActiveRecord: 0.0ms)


  
ActionView::Template::Error (undefined method `like_to' for #<#<Class:0x007f93f3e7c6b8>:0x007f93f47c5a30>
Did you mean?  link_to):
    31:             <li role="separator" class="divider"></li>
    32:             <li><%= link_to('Sign Up', new_user_registration_path)%></li>
    33:             <li role="separator" class="divider"></li>
    34:             <li><%= like_to('Sign In', new_user_session_path) %></li>
    35:           </ul>
    36:         </li>
    37:       </ul>
  
app/views/layouts/_nav_guest.html.erb:34:in `_app_views_layouts__nav_guest_html_erb___3990906813327287286_70136741764680'
app/views/layouts/_nav.html.erb:2:in `_app_views_layouts__nav_html_erb__1922674178346665701_70136741829980'
app/views/layouts/application.html.erb:12:in `_app_views_layouts_application_html_erb___4403361660466788568_70136719344100'
Started GET "/" for 127.0.0.1 at 2018-04-01 12:04:07 +0800
Processing by PagesController#index as HTML
  Rendering pages/index.html.erb within layouts/application
  Rendered pages/index.html.erb within layouts/application (0.5ms)
  Rendered layouts/_nav_guest.html.erb (0.8ms)
  Rendered layouts/_nav.html.erb (5.6ms)
Completed 200 OK in 90ms (Views: 87.0ms | ActiveRecord: 0.0ms)


Started GET "/" for 127.0.0.1 at 2018-04-01 12:04:21 +0800
Processing by PagesController#index as HTML
  Rendering pages/index.html.erb within layouts/application
  Rendered pages/index.html.erb within layouts/application (0.5ms)
  Rendered layouts/_nav_guest.html.erb (0.8ms)
  Rendered layouts/_nav.html.erb (4.4ms)
Completed 200 OK in 75ms (Views: 72.6ms | ActiveRecord: 0.0ms)


Started GET "/users/sign_in" for 127.0.0.1 at 2018-04-01 12:04:37 +0800
Processing by Devise::SessionsController#new as HTML
  Rendering devise/sessions/new.html.erb within layouts/application
  Rendered devise/shared/_links.html.erb (0.8ms)
  Rendered devise/sessions/new.html.erb within layouts/application (4.7ms)
  Rendered layouts/_nav_guest.html.erb (0.5ms)
  Rendered layouts/_nav.html.erb (2.4ms)
Completed 200 OK in 63ms (Views: 61.7ms | ActiveRecord: 0.0ms)


Started GET "/users/sign_in" for 127.0.0.1 at 2018-04-01 12:05:48 +0800
Processing by Devise::SessionsController#new as HTML
  Rendering devise/sessions/new.html.erb within layouts/application
  Rendered devise/shared/_links.html.erb (1.1ms)
  Rendered devise/sessions/new.html.erb within layouts/application (6.2ms)
  Rendered layouts/_nav_guest.html.erb (0.9ms)
  Rendered layouts/_nav.html.erb (4.3ms)
Completed 200 OK in 73ms (Views: 72.4ms | ActiveRecord: 0.0ms)


Started POST "/users/sign_in" for 127.0.0.1 at 2018-04-01 12:05:57 +0800
Processing by Devise::SessionsController#create as HTML
  Parameters: {"utf8"=>"✓", "authenticity_token"=>"ZxchAF1pavDPTD4UcFCRFJVD7lFi1e8HdT5Rg7r83mxDhaTE2tXvUfVBAJiqnjO8DFzpxhaW5Tzk5jY1T7EZZw==", "user"=>{"email"=>"jack@gmail.com", "password"=>"[FILTERED]", "remember_me"=>"0"}, "commit"=>"Log in"}
  [1m[36mUser Load (0.3ms)[0m  [1m[34mSELECT  "users".* FROM "users" WHERE "users"."email" = ? ORDER BY "users"."id" ASC LIMIT ?[0m  [["email", "jack@gmail.com"], ["LIMIT", 1]]
  [1m[35m (0.1ms)[0m  [1m[36mbegin transaction[0m
  [1m[35mSQL (0.4ms)[0m  [1m[33mUPDATE "users" SET "current_sign_in_at" = ?, "last_sign_in_at" = ?, "sign_in_count" = ?, "updated_at" = ? WHERE "users"."id" = ?[0m  [["current_sign_in_at", "2018-04-01 04:05:57.607918"], ["last_sign_in_at", "2018-04-01 04:00:03.645257"], ["sign_in_count", 3], ["updated_at", "2018-04-01 04:05:57.608566"], ["id", 1]]
  [1m[35m (1.5ms)[0m  [1m[36mcommit transaction[0m
Redirected to http://127.0.0.1:3000/
Completed 302 Found in 148ms (ActiveRecord: 2.2ms)


Started GET "/" for 127.0.0.1 at 2018-04-01 12:05:57 +0800
Processing by PagesController#index as HTML
  Rendering pages/index.html.erb within layouts/application
  Rendered pages/index.html.erb within layouts/application (0.4ms)
  [1m[36mUser Load (0.5ms)[0m  [1m[34mSELECT  "users".* FROM "users" WHERE "users"."id" = ? ORDER BY "users"."id" ASC LIMIT ?[0m  [["id", 1], ["LIMIT", 1]]
  Rendered layouts/_nav_user.html.erb (0.9ms)
  Rendered layouts/_nav.html.erb (7.8ms)
Completed 200 OK in 76ms (Views: 73.3ms | ActiveRecord: 0.5ms)


Started GET "/" for 127.0.0.1 at 2018-04-01 12:08:12 +0800
Processing by PagesController#index as HTML
  Rendering pages/index.html.erb within layouts/application
  Rendered pages/index.html.erb within layouts/application (0.7ms)
  [1m[36mUser Load (0.2ms)[0m  [1m[34mSELECT  "users".* FROM "users" WHERE "users"."id" = ? ORDER BY "users"."id" ASC LIMIT ?[0m  [["id", 1], ["LIMIT", 1]]
  Rendered layouts/_nav_user.html.erb (1.0ms)
  Rendered layouts/_nav.html.erb (6.0ms)
Completed 200 OK in 99ms (Views: 95.0ms | ActiveRecord: 0.2ms)


Started GET "/" for 127.0.0.1 at 2018-04-01 12:08:47 +0800
Processing by PagesController#index as HTML
  Rendering pages/index.html.erb within layouts/application
  Rendered pages/index.html.erb within layouts/application (0.3ms)
  [1m[36mUser Load (0.5ms)[0m  [1m[34mSELECT  "users".* FROM "users" WHERE "users"."id" = ? ORDER BY "users"."id" ASC LIMIT ?[0m  [["id", 1], ["LIMIT", 1]]
  Rendered layouts/_nav_user.html.erb (1.2ms)
  Rendered layouts/_nav.html.erb (6.6ms)
Completed 200 OK in 60ms (Views: 56.5ms | ActiveRecord: 0.5ms)


Started DELETE "/users/sign_out" for 127.0.0.1 at 2018-04-01 12:08:53 +0800
Processing by Devise::SessionsController#destroy as HTML
  Parameters: {"authenticity_token"=>"I3ELtaBpKP/fpkPkiFI9my6s5miFIL5WWEr72cZRU+HhnbAE4DH27XIw3X5iSucaoGpHw54PBMr3NLgBY3xUaA=="}
  [1m[36mUser Load (0.4ms)[0m  [1m[34mSELECT  "users".* FROM "users" WHERE "users"."id" = ? ORDER BY "users"."id" ASC LIMIT ?[0m  [["id", 1], ["LIMIT", 1]]
  [1m[35m (0.1ms)[0m  [1m[36mbegin transaction[0m
  [1m[35m (0.0ms)[0m  [1m[36mcommit transaction[0m
Redirected to http://127.0.0.1:3000/
Completed 302 Found in 5ms (ActiveRecord: 0.5ms)


Started GET "/" for 127.0.0.1 at 2018-04-01 12:08:53 +0800
Processing by PagesController#index as HTML
  Rendering pages/index.html.erb within layouts/application
  Rendered pages/index.html.erb within layouts/application (0.4ms)
  Rendered layouts/_nav_guest.html.erb (0.7ms)
  Rendered layouts/_nav.html.erb (4.2ms)
Completed 200 OK in 78ms (Views: 75.8ms | ActiveRecord: 0.0ms)


Started GET "/users/sign_in" for 127.0.0.1 at 2018-04-01 12:09:05 +0800
Processing by Devise::SessionsController#new as HTML
  Rendering devise/sessions/new.html.erb within layouts/application
  Rendered devise/shared/_links.html.erb (1.5ms)
  Rendered devise/sessions/new.html.erb within layouts/application (7.0ms)
  Rendered layouts/_nav_guest.html.erb (0.8ms)
  Rendered layouts/_nav.html.erb (4.6ms)
Completed 200 OK in 95ms (Views: 91.3ms | ActiveRecord: 0.0ms)


